d:\workspace\cuda\project\project\x64\debug\vc141.pdb
d:\workspace\cuda\project\project\x64\debug\vc141.idb
d:\workspace\cuda\project\project\x64\debug\cublasmatixmul.obj
d:\workspace\cuda\project\project\x64\debug\main.obj
x64\debug\nosharememory.cu.obj
x64\debug\matrixmultiplication.cu.obj
x64\debug\sharedmemory.cu.obj
d:\workspace\cuda\project\x64\debug\project.exe
d:\workspace\cuda\project\x64\debug\project.ilk
d:\workspace\cuda\project\x64\debug\project.pdb
d:\workspace\cuda\project\x64\debug\project.lib
d:\workspace\cuda\project\x64\debug\project.exp
d:\workspace\cuda\project\project\x64\debug\cudagetdevicecount.cpp.cache
d:\workspace\cuda\project\project\x64\debug\matrixmultiplication.cu.cache
d:\workspace\cuda\project\project\x64\debug\nosharememory.cu.cache
d:\workspace\cuda\project\project\x64\debug\sharedmemory.cu.cache
d:\workspace\cuda\project\project\x64\debug\matrixmultiplication.cu.obj
d:\workspace\cuda\project\project\x64\debug\nosharememory.cu.obj
d:\workspace\cuda\project\project\x64\debug\sharedmemory.cu.obj
d:\workspace\cuda\project\project\x64\debug\project.tlog\cl.command.1.tlog
d:\workspace\cuda\project\project\x64\debug\project.tlog\cl.read.1.tlog
d:\workspace\cuda\project\project\x64\debug\project.tlog\cl.write.1.tlog
d:\workspace\cuda\project\project\x64\debug\project.tlog\cudacompile.read.1u.tlog
d:\workspace\cuda\project\project\x64\debug\project.tlog\cudacompile.write.1u.tlog
d:\workspace\cuda\project\project\x64\debug\project.tlog\link.command.1.tlog
d:\workspace\cuda\project\project\x64\debug\project.tlog\link.read.1.tlog
d:\workspace\cuda\project\project\x64\debug\project.tlog\link.write.1.tlog
d:\workspace\cuda\project\project\x64\debug\project.tlog\project.write.1u.tlog
